8.000000
16.000000
24.000000
32.000000
40.000000
48.000000
56.000000
64.000000
72.000000
80.000000
88.000000
96.000000
104.000000
112.000000
120.000000
128.000000
136.000000
144.000000
152.000000
160.000000
168.000000
176.000000
184.000000
192.000000
200.000000
208.000000
216.000000
224.000000
232.000000
240.000000
248.000000
256.000000
264.000000
272.000000
280.000000
288.000000
296.000000
304.000000
312.000000
320.000000
328.000000
336.000000
344.000000
352.000000
360.000000
368.000000
376.000000
384.000000
392.000000
400.000000
408.000000
416.000000
424.000000
432.000000
440.000000
448.000000
456.000000
464.000000
472.000000
480.000000
488.000000
496.000000
504.000000
512.000000
520.000000
528.000000
536.000000
544.000000
552.000000
560.000000
568.000000
576.000000
584.000000
592.000000
600.000000
608.000000
616.000000
624.000000
632.000000
640.000000
648.000000
656.000000
664.000000
672.000000
680.000000
688.000000
696.000000
704.000000
712.000000
720.000000
728.000000
736.000000
744.000000
752.000000
760.000000
768.000000
776.000000
784.000000
792.000000
800.000000
808.000000
816.000000
824.000000
832.000000
840.000000
848.000000
856.000000
864.000000
872.000000
880.000000
888.000000
896.000000
904.000000
912.000000
920.000000
928.000000
936.000000
944.000000
952.000000
960.000000
968.000000
976.000000
984.000000
992.000000
1000.000000
1008.000000

real	5m12.026s
user	10m11.701s
sys	0m0.831s
8.000000
16.000000
24.000000
32.000000
40.000000
48.000000
56.000000
64.000000
72.000000
80.000000
88.000000
96.000000
104.000000
112.000000
120.000000
128.000000
136.000000
144.000000
152.000000
160.000000
168.000000
176.000000
184.000000
192.000000
200.000000
208.000000
216.000000
224.000000
232.000000
240.000000
248.000000
256.000000
264.000000
272.000000
280.000000
288.000000
296.000000
304.000000
312.000000
320.000000
328.000000
336.000000
344.000000
352.000000
360.000000
368.000000
376.000000
384.000000
392.000000
400.000000
408.000000
416.000000
424.000000
slurmstepd: error: *** JOB 5007824 ON lac-390 CANCELLED AT 2018-12-20T11:44:12 DUE TO TIME LIMIT ***
--------------------------------------------------------------------------
ORTE has lost communication with a remote daemon.

  HNP daemon   : [[63259,0],0] on node lac-390
  Remote daemon: [[63259,0],5] on node lac-395

This is usually due to either a failure of the TCP network
connection to the node, or possibly an internal failure of
the daemon itself. We cannot recover from this failure, and
therefore will terminate the job.
--------------------------------------------------------------------------
